Arguments: 
  C:\Program Files\nodejs\node.exe C:\Users\MRUNALI\AppData\Roaming\npm\node_modules\yarn\bin\yarn.js dev

PATH: 
  C:\Users\MRUNALI\bin;C:\Program Files\Git\mingw64\bin;C:\Program Files\Git\usr\local\bin;C:\Program Files\Git\usr\bin;C:\Program Files\Git\usr\bin;C:\Program Files\Git\mingw64\bin;C:\Program Files\Git\usr\bin;C:\Users\MRUNALI\bin;C:\Python311\Scripts;C:\Python311;C:\Program Files (x86)\Common Files\Oracle\Java\javapath;C:\ProgramData\Oracle\Java\javapath;C:\WINDOWS\system32;C:\WINDOWS;C:\WINDOWS\System32\Wbem;C:\WINDOWS\System32\WindowsPowerShell\v1.0;C:\WINDOWS\System32\OpenSSH;C:\MinGW\bin;C:\Program Files (x86)\Microsoft VS Code\bin;C:\Program Files\MATLAB\R2021b\bin;C:\Program Files\dotnet;C:\Program Files\Git\cmd;C:\ProgramData\chocolatey\bin;C:\Program Files\MongoDB\Server\6.0\bin;C:\Program Files\mongosh-1.10.1-win32-x64\bin;C:\Program Files\nodejs;C:\Program Files\PowerShell\7;C:\Users\MRUNALI\AppData\Local\Microsoft\WindowsApps;C:\Users\MRUNALI\AppData\Local\Programs\Hyper\resources\bin;C:\Program Files\MongoDB\Server\6.0\bin;C:\Program Files\mongosh-1.10.1-win32-x64\bin;C:\Users\MRUNALI\AppData\Roaming\npm;C:\Program Files\Git\usr\bin\vendor_perl;C:\Program Files\Git\usr\bin\core_perl

Yarn version: 
  1.22.19

Node version: 
  18.16.1

Platform: 
  win32 x64

Trace: 
  SyntaxError: C:\Users\MRUNALI\AYLIChat\package.json: Unexpected token { in JSON at position 75
      at JSON.parse (<anonymous>)
      at C:\Users\MRUNALI\AppData\Roaming\npm\node_modules\yarn\lib\cli.js:1629:59
      at Generator.next (<anonymous>)
      at step (C:\Users\MRUNALI\AppData\Roaming\npm\node_modules\yarn\lib\cli.js:310:30)
      at C:\Users\MRUNALI\AppData\Roaming\npm\node_modules\yarn\lib\cli.js:321:13

npm manifest: 
  {
    "dependencies": {
      "pip": "^0.0.1",
      "pip3": "^420.911.69"
    }
  }
  {
    "name": "frontend",
    "private": true,
    "version": "0.0.0",
    "type": "module",
    "scripts": {
      "dev": "vite",
      "build": "tsc && vite build",
      "start": "vite preview"
    },
    "dependencies": {
      "axios": "^1.3.4",
      "react": "^18.2.0",
      "react-dom": "^18.2.0",
      "react-media-recorder": "^1.6.6"
    },
    "devDependencies": {
      "@types/react": "^18.0.27",
      "@types/react-dom": "^18.0.10",
      "@vitejs/plugin-react": "^3.1.0",
      "autoprefixer": "^10.4.13",
      "postcss": "^8.4.21",
      "tailwindcss": "^3.2.7",
      "typescript": "^4.9.3",
      "vite": "^4.1.0"
    }
  }

yarn manifest: 
  No manifest

Lockfile: 
  No lockfile
